@(#)$CDS: LVS version 6.1.8-64b 04/16/2019 23:39 (ip-172-18-22-52) $

Command line: /eda/cadence/Legacy/IC618_030/tools.lnx86/dfII/bin/64bit/LVS -dir /eda/cad_run/studentas2/NCSU_CDK_1.6.0b/ALU_KP/LVS -l -s -t /eda/cad_run/studentas2/NCSU_CDK_1.6.0b/ALU_KP/LVS/layout /eda/cad_run/studentas2/NCSU_CDK_1.6.0b/ALU_KP/LVS/schematic
Like matching is enabled.
Net swapping is enabled.
Using terminal names as correspondence points.
Compiling Diva LVS rules...

    Net-list summary for /eda/cad_run/studentas2/NCSU_CDK_1.6.0b/ALU_KP/LVS/layout/netlist
       count
        148             nets
        16              terminals
        136             pmos
        136             nmos

    Net-list summary for /eda/cad_run/studentas2/NCSU_CDK_1.6.0b/ALU_KP/LVS/schematic/netlist
       count
        148             nets
        16              terminals
        136             pmos
        136             nmos


    Terminal correspondence points
    N135      N5        A0
    N134      N10       A1
    N133      N0        A2
    N132      N4        A3
    N147      N15       B0
    N146      N3        B1
    N145      N1        B2
    N144      N7        B3
    N137      N13       GND
    N140      N6        Q0
    N139      N8        Q1
    N138      N14       Q2
    N136      N2        Q3
    N142      N12       Sel0
    N141      N11       Sel1
    N143      N9        VDD

Devices in the netlist but not in the rules:
        pcapacitor
Devices in the rules but not in the netlist:
        cap nfet pfet nmos4 pmos4

The net-lists match.

                             layout  schematic
                                instances
        un-matched              0       0      
        rewired                 0       0      
        size errors             0       0      
        pruned                  0       0      
        active                  272     272    
        total                   272     272    

                                  nets
        un-matched              0       0      
        merged                  0       0      
        pruned                  0       0      
        active                  148     148    
        total                   148     148    

                                terminals
        un-matched              0       0      
        matched but
        different type          0       0      
        total                   16      16     


Probe files from /eda/cad_run/studentas2/NCSU_CDK_1.6.0b/ALU_KP/LVS/schematic

devbad.out:

netbad.out:

mergenet.out:

termbad.out:

prunenet.out:

prunedev.out:

audit.out:


Probe files from /eda/cad_run/studentas2/NCSU_CDK_1.6.0b/ALU_KP/LVS/layout

devbad.out:

netbad.out:

mergenet.out:

termbad.out:

prunenet.out:

prunedev.out:

audit.out:
